<?xml version="1.0" encoding="UTF-8"?>
<testsuite name="com.hisabnikash.app.data.repo.BusinessSessionTest" tests="9" skipped="0" failures="0" errors="0" timestamp="2026-09-06T15:51:39" hostname="runnervmejwal" time="0.264">
  <properties/>
  <testcase name="requireActive never writes under a stale business" classname="com.hisabnikash.app.data.repo.BusinessSessionTest" time="0.237"/>
  <testcase name="stale active id heals to most recent existing business" classname="com.hisabnikash.app.data.repo.BusinessSessionTest" time="0.002"/>
  <testcase name="valid preferred business is used" classname="com.hisabnikash.app.data.repo.BusinessSessionTest" time="0.003"/>
  <testcase name="repository guard accepts a real business id" classname="com.hisabnikash.app.data.repo.BusinessSessionTest" time="0.003"/>
  <testcase name="recover keeps a valid business untouched" classname="com.hisabnikash.app.data.repo.BusinessSessionTest" time="0.003"/>
  <testcase name="no business anywhere refuses the write" classname="com.hisabnikash.app.data.repo.BusinessSessionTest" time="0.005"/>
  <testcase name="recover with no business clears session and re-arms onboarding" classname="com.hisabnikash.app.data.repo.BusinessSessionTest" time="0.002"/>
  <testcase name="repository guard rejects zero business id" classname="com.hisabnikash.app.data.repo.BusinessSessionTest" time="0.004"/>
  <testcase name="repository guard rejects unknown business id" classname="com.hisabnikash.app.data.repo.BusinessSessionTest" time="0.002"/>
  <system-out><![CDATA[]]></system-out>
  <system-err><![CDATA[]]></system-err>
</testsuite>
